<?xml version="1.0" encoding="UTF-8"?>
<testng-results ignored="0" total="1" passed="1" failed="0" skipped="0">
  <reporter-output>
  </reporter-output>
  <suite started-at="2023-03-24T05:21:33 EDT" name="Default suite" finished-at="2023-03-24T05:21:43 EDT" duration-ms="10368">
    <groups>
    </groups>
    <test started-at="2023-03-24T05:21:33 EDT" name="Default test" finished-at="2023-03-24T05:21:43 EDT" duration-ms="10368">
      <class name="AppiumTest.Appium.MobileBrowserTest">
        <test-method is-config="true" signature="ConfigureAppium()[pri:0, instance:AppiumTest.Appium.MobileBrowserTest@3023df74]" started-at="2023-03-24T05:21:33 EDT" name="ConfigureAppium" finished-at="2023-03-24T05:21:41 EDT" duration-ms="8047" status="PASS">
          <reporter-output>
          </reporter-output>
        </test-method> <!-- ConfigureAppium -->
        <test-method signature="browserTest()[pri:0, instance:AppiumTest.Appium.MobileBrowserTest@3023df74]" started-at="2023-03-24T05:21:41 EDT" name="browserTest" finished-at="2023-03-24T05:21:43 EDT" duration-ms="2206" status="PASS">
          <reporter-output>
          </reporter-output>
        </test-method> <!-- browserTest -->
        <test-method is-config="true" signature="tearDown()[pri:0, instance:AppiumTest.Appium.MobileBrowserTest@3023df74]" started-at="2023-03-24T05:21:43 EDT" name="tearDown" finished-at="2023-03-24T05:21:43 EDT" duration-ms="88" status="PASS">
          <reporter-output>
          </reporter-output>
        </test-method> <!-- tearDown -->
      </class> <!-- AppiumTest.Appium.MobileBrowserTest -->
    </test> <!-- Default test -->
  </suite> <!-- Default suite -->
</testng-results>
